{"C:\\Users\\Abdur\\Desktop\\New folder (2)\\src\\LoginForm.jsx": {"path":"C:\\Users\\Abdur\\Desktop\\New folder (2)\\src\\LoginForm.jsx","statementMap":{"0":{"start":{"line":3,"column":18},"end":{"line":120,"column":1}},"1":{"start":{"line":4,"column":28},"end":{"line":4,"column":40}},"2":{"start":{"line":5,"column":34},"end":{"line":5,"column":46}},"3":{"start":{"line":6,"column":38},"end":{"line":6,"column":50}},"4":{"start":{"line":7,"column":44},"end":{"line":7,"column":56}},"5":{"start":{"line":8,"column":34},"end":{"line":8,"column":46}},"6":{"start":{"line":10,"column":31},"end":{"line":29,"column":3}},"7":{"start":{"line":11,"column":4},"end":{"line":11,"column":30}},"8":{"start":{"line":13,"column":4},"end":{"line":28,"column":5}},"9":{"start":{"line":14,"column":23},"end":{"line":16,"column":7}},"10":{"start":{"line":17,"column":19},"end":{"line":17,"column":40}},"11":{"start":{"line":18,"column":6},"end":{"line":21,"column":7}},"12":{"start":{"line":19,"column":8},"end":{"line":19,"column":44}},"13":{"start":{"line":20,"column":8},"end":{"line":20,"column":20}},"14":{"start":{"line":23,"column":6},"end":{"line":23,"column":19}},"15":{"start":{"line":25,"column":6},"end":{"line":25,"column":56}},"16":{"start":{"line":26,"column":6},"end":{"line":26,"column":25}},"17":{"start":{"line":27,"column":6},"end":{"line":27,"column":18}},"18":{"start":{"line":31,"column":21},"end":{"line":56,"column":3}},"19":{"start":{"line":32,"column":4},"end":{"line":32,"column":30}},"20":{"start":{"line":34,"column":4},"end":{"line":55,"column":5}},"21":{"start":{"line":35,"column":6},"end":{"line":37,"column":7}},"22":{"start":{"line":36,"column":8},"end":{"line":36,"column":15}},"23":{"start":{"line":39,"column":23},"end":{"line":46,"column":8}},"24":{"start":{"line":48,"column":19},"end":{"line":48,"column":40}},"25":{"start":{"line":49,"column":6},"end":{"line":49,"column":24}},"26":{"start":{"line":51,"column":6},"end":{"line":51,"column":48}},"27":{"start":{"line":53,"column":6},"end":{"line":53,"column":50}},"28":{"start":{"line":54,"column":6},"end":{"line":54,"column":25}},"29":{"start":{"line":58,"column":21},"end":{"line":80,"column":3}},"30":{"start":{"line":59,"column":4},"end":{"line":59,"column":23}},"31":{"start":{"line":61,"column":4},"end":{"line":61,"column":22}},"32":{"start":{"line":62,"column":4},"end":{"line":62,"column":25}},"33":{"start":{"line":63,"column":4},"end":{"line":63,"column":20}},"34":{"start":{"line":64,"column":25},"end":{"line":67,"column":5}},"35":{"start":{"line":65,"column":25},"end":{"line":65,"column":67}},"36":{"start":{"line":66,"column":6},"end":{"line":66,"column":36}},"37":{"start":{"line":68,"column":4},"end":{"line":74,"column":5}},"38":{"start":{"line":69,"column":6},"end":{"line":69,"column":41}},"39":{"start":{"line":70,"column":6},"end":{"line":70,"column":13}},"40":{"start":{"line":71,"column":11},"end":{"line":74,"column":5}},"41":{"start":{"line":72,"column":6},"end":{"line":72,"column":50}},"42":{"start":{"line":73,"column":6},"end":{"line":73,"column":13}},"43":{"start":{"line":75,"column":4},"end":{"line":78,"column":5}},"44":{"start":{"line":76,"column":6},"end":{"line":76,"column":61}},"45":{"start":{"line":77,"column":6},"end":{"line":77,"column":13}},"46":{"start":{"line":79,"column":4},"end":{"line":79,"column":32}},"47":{"start":{"line":82,"column":2},"end":{"line":119,"column":4}},"48":{"start":{"line":90,"column":27},"end":{"line":90,"column":51}},"49":{"start":{"line":104,"column":27},"end":{"line":104,"column":54}}},"fnMap":{"0":{"name":"(anonymous_0)","decl":{"start":{"line":3,"column":18},"end":{"line":3,"column":19}},"loc":{"start":{"line":3,"column":24},"end":{"line":120,"column":1}},"line":3},"1":{"name":"(anonymous_1)","decl":{"start":{"line":10,"column":31},"end":{"line":10,"column":32}},"loc":{"start":{"line":10,"column":48},"end":{"line":29,"column":3}},"line":10},"2":{"name":"(anonymous_2)","decl":{"start":{"line":31,"column":21},"end":{"line":31,"column":22}},"loc":{"start":{"line":31,"column":48},"end":{"line":56,"column":3}},"line":31},"3":{"name":"(anonymous_3)","decl":{"start":{"line":58,"column":21},"end":{"line":58,"column":22}},"loc":{"start":{"line":58,"column":28},"end":{"line":80,"column":3}},"line":58},"4":{"name":"(anonymous_4)","decl":{"start":{"line":64,"column":25},"end":{"line":64,"column":26}},"loc":{"start":{"line":64,"column":36},"end":{"line":67,"column":5}},"line":64},"5":{"name":"(anonymous_5)","decl":{"start":{"line":90,"column":20},"end":{"line":90,"column":21}},"loc":{"start":{"line":90,"column":27},"end":{"line":90,"column":51}},"line":90},"6":{"name":"(anonymous_6)","decl":{"start":{"line":104,"column":20},"end":{"line":104,"column":21}},"loc":{"start":{"line":104,"column":27},"end":{"line":104,"column":54}},"line":104}},"branchMap":{"0":{"loc":{"start":{"line":18,"column":6},"end":{"line":21,"column":7}},"type":"if","locations":[{"start":{"line":18,"column":6},"end":{"line":21,"column":7}},{"start":{},"end":{}}],"line":18},"1":{"loc":{"start":{"line":35,"column":6},"end":{"line":37,"column":7}},"type":"if","locations":[{"start":{"line":35,"column":6},"end":{"line":37,"column":7}},{"start":{},"end":{}}],"line":35},"2":{"loc":{"start":{"line":68,"column":4},"end":{"line":74,"column":5}},"type":"if","locations":[{"start":{"line":68,"column":4},"end":{"line":74,"column":5}},{"start":{"line":71,"column":11},"end":{"line":74,"column":5}}],"line":68},"3":{"loc":{"start":{"line":71,"column":11},"end":{"line":74,"column":5}},"type":"if","locations":[{"start":{"line":71,"column":11},"end":{"line":74,"column":5}},{"start":{},"end":{}}],"line":71},"4":{"loc":{"start":{"line":75,"column":4},"end":{"line":78,"column":5}},"type":"if","locations":[{"start":{"line":75,"column":4},"end":{"line":78,"column":5}},{"start":{},"end":{}}],"line":75}},"s":{"0":1,"1":21,"2":21,"3":21,"4":21,"5":21,"6":21,"7":2,"8":2,"9":2,"10":2,"11":2,"12":1,"13":1,"14":1,"15":0,"16":0,"17":0,"18":21,"19":2,"20":2,"21":2,"22":1,"23":1,"24":1,"25":1,"26":1,"27":0,"28":0,"29":21,"30":5,"31":5,"32":5,"33":5,"34":5,"35":4,"36":4,"37":5,"38":1,"39":1,"40":4,"41":1,"42":1,"43":3,"44":1,"45":1,"46":2,"47":21,"48":4,"49":5},"f":{"0":21,"1":2,"2":2,"3":5,"4":4,"5":4,"6":5},"b":{"0":[1,1],"1":[1,1],"2":[1,4],"3":[1,3],"4":[1,2]},"_coverageSchema":"1a1c01bbd47fc00a2c39e90264f33305004495a9","hash":"bf96fbdd5ab38d544d23673be7b0990cd82373ca"}
,"C:\\Users\\Abdur\\Desktop\\New folder (2)\\src\\main.jsx": {"path":"C:\\Users\\Abdur\\Desktop\\New folder (2)\\src\\main.jsx","statementMap":{"0":{"start":{"line":6,"column":0},"end":{"line":10,"column":2}}},"fnMap":{},"branchMap":{},"s":{"0":0},"f":{},"b":{}}
}
