TN:
SF:src\LoginForm.jsx
FN:3,(anonymous_0)
FN:10,(anonymous_1)
FN:31,(anonymous_2)
FN:58,(anonymous_3)
FN:64,(anonymous_4)
FN:90,(anonymous_5)
FN:104,(anonymous_6)
FNF:7
FNH:7
FNDA:21,(anonymous_0)
FNDA:2,(anonymous_1)
FNDA:2,(anonymous_2)
FNDA:5,(anonymous_3)
FNDA:4,(anonymous_4)
FNDA:4,(anonymous_5)
FNDA:5,(anonymous_6)
DA:3,1
DA:4,21
DA:5,21
DA:6,21
DA:7,21
DA:8,21
DA:10,21
DA:11,2
DA:13,2
DA:14,2
DA:17,2
DA:18,2
DA:19,1
DA:20,1
DA:23,1
DA:25,0
DA:26,0
DA:27,0
DA:31,21
DA:32,2
DA:34,2
DA:35,2
DA:36,1
DA:39,1
DA:48,1
DA:49,1
DA:51,1
DA:53,0
DA:54,0
DA:58,21
DA:59,5
DA:61,5
DA:62,5
DA:63,5
DA:64,5
DA:65,4
DA:66,4
DA:68,5
DA:69,1
DA:70,1
DA:71,4
DA:72,1
DA:73,1
DA:75,3
DA:76,1
DA:77,1
DA:79,2
DA:82,21
DA:90,4
DA:104,5
LF:50
LH:45
BRDA:18,0,0,1
BRDA:18,0,1,1
BRDA:35,1,0,1
BRDA:35,1,1,1
BRDA:68,2,0,1
BRDA:68,2,1,4
BRDA:71,3,0,1
BRDA:71,3,1,3
BRDA:75,4,0,1
BRDA:75,4,1,2
BRF:10
BRH:10
end_of_record
TN:
SF:src\main.jsx
FNF:0
FNH:0
DA:6,0
LF:1
LH:0
BRF:0
BRH:0
end_of_record
